<?xml version="1.0" encoding="UTF-8"?>
<Module>
  <ModulePrefs title="Container Compliance Tests 0.8" author="OpenSocial QA"
               author_email="testuser.tom@gmail.com"
               title_url="http://opensocial-resources.googlecode.com/svn/tests/trunk/compliance"
               description="Compliance tests for gadgets and opensocial apis v0.8." scrolling="true">
    <Require feature="opensocial-0.8"/>
    <Require feature="dynamic-height"/>
    <Require feature="views"/>
    <Require feature="setprefs"/>
    <Locale messages="http://opensocial-resources.googlecode.com/svn/tests/trunk/suites/0.7/activities/messagebundle.xml"/>
    <Locale messages="http://opensocial-resources.googlecode.com/svn/tests/trunk/suites/0.7/gadgets/core/content/ALL_ALL.xml"/>
    <Locale lang="en" country="US" messages="http://opensocial-resources.googlecode.com/svn/tests/trunk/suites/0.7/gadgets/core/content/ALL_ALL.xml"/>
    <Locale lang="de" country="DE" messages="http://opensocial-resources.googlecode.com/svn/tests/trunk/suites/0.7/gadgets/core/content/de_ALL.xml"/>
    <Locale lang="zh-cn" country="CN" messages="http://opensocial-resources.googlecode.com/svn/tests/trunk/suites/0.7/gadgets/core/content/zh_cn_ALL.xml"/>
    <Locale lang="fr" country="FR" messages="http://opensocial-resources.googlecode.com/svn/tests/trunk/suites/0.7/gadgets/core/content/fr_ALL.xml"/>
    <Locale lang="ja" country="JA" messages="http://opensocial-resources.googlecode.com/svn/tests/trunk/suites/0.7/gadgets/core/content/ja_ALL.xml"/>
    <Locale lang="es" country="ES" messages="http://opensocial-resources.googlecode.com/svn/tests/trunk/suites/0.7/gadgets/core/content/es_ALL.xml"/>
    <Locale lang="it" country="IT" messages="http://opensocial-resources.googlecode.com/svn/tests/trunk/suites/0.7/gadgets/core/content/it_ALL.xml"/>
    <Locale lang="ru" country="RU" messages="http://opensocial-resources.googlecode.com/svn/tests/trunk/suites/0.7/gadgets/core/content/ru_ALL.xml"/>
  </ModulePrefs>
  <UserPref name="myString" display_name="string" default_value="This is my string."/>
  <UserPref name="myCounter" display_name="counter" default_value="100"/>
  <UserPref name="myFloat" display_name="floatNum" default_value="3.43"/>
  <UserPref name="myList" display_name="myList"  datatype="list" default_value="listValue"/>
  <UserPref name="myBool" display_name="isInterested" default_value="true"/>
  <UserPref name="size" display_name="size" datatype="enum" default_value="2">
    <EnumValue value="0" display_value="xsmall"/>
    <EnumValue value="1" display_value="small"/>
    <EnumValue value="2" display_value="medium"/>
    <EnumValue value="3" display_value="large"/>
    <EnumValue value="4" display_value="xlarge"/>
  </UserPref>
  <UserPref name="myKey" display_name="myKey" default_value="initValue"/>
  <UserPref name="myTestArray" display_name="myArray" datatype="list" default_value="zdnet|pc|Apple Insider"/>
  <Content type="html">
    <![CDATA[

  <div id="controlPanel"></div>
  <div id="testResults"></div>
  <div id="tl_VisualTabsTest"></div>

  <link rel="stylesheet" type="text/css"
    href="http://opensocial-resources.googlecode.com/svn/tests/trunk/common/test.css"></link>

  <script src="http://opensocial-resources.googlecode.com/svn/tests/trunk/common/assert.js"></script>
  <script src="http://opensocial-resources.googlecode.com/svn/tests/trunk/common/config.js"></script>
  <script src="http://opensocial-resources.googlecode.com/svn/tests/trunk/common/context.js"></script>
  <script src="http://opensocial-resources.googlecode.com/svn/tests/trunk/common/validator.js"></script>
  <script src="http://opensocial-resources.googlecode.com/svn/tests/trunk/common/htmllogger.js"></script>
  <script src="http://opensocial-resources.googlecode.com/svn/tests/trunk/common/testdata.js"></script>
  <script src="http://opensocial-resources.googlecode.com/svn/tests/trunk/common/defaultdata.js"></script>
  <script src="http://opensocial-resources.googlecode.com/svn/tests/trunk/common/helper.js"></script>
  <script src="http://opensocial-resources.googlecode.com/svn/tests/trunk/common/testobjects.js"></script>
  <script src="http://opensocial-resources.googlecode.com/svn/tests/trunk/common/parambuilder.js"></script>
  <script src="http://opensocial-resources.googlecode.com/svn/tests/trunk/common/resultobjects.js"></script>
  <script src="http://opensocial-resources.googlecode.com/svn/tests/trunk/common/xmllogger.js"></script>
  <script src="http://opensocial-resources.googlecode.com/svn/tests/trunk/common/testrunner.js"></script>
  <script src="http://opensocial-resources.googlecode.com/svn/tests/trunk/common/opensocialtestrunner.js"></script>
  <script src="http://opensocial-resources.googlecode.com/svn/tests/trunk/common/restfultestrunner.js"></script>


  <script src="http://opensocial-resources.googlecode.com/svn/tests/trunk/suites/0.8/activities/activitiessuite.js"></script>
  <script src="http://opensocial-resources.googlecode.com/svn/tests/trunk/suites/0.8/appdata/appdatasuite.js"></script>
  <script src="http://opensocial-resources.googlecode.com/svn/tests/trunk/suites/0.7/environment/environmentsuite.js"></script>
  <script src="http://opensocial-resources.googlecode.com/svn/tests/trunk/suites/0.7/gadgets/core/iosuite.js"></script>
  <script src="http://opensocial-resources.googlecode.com/svn/tests/trunk/suites/0.7/gadgets/core/prefssuite.js"></script>
  <script src="http://opensocial-resources.googlecode.com/svn/tests/trunk/suites/0.7/gadgets/core/utilsuite.js"></script>
  <script src="http://opensocial-resources.googlecode.com/svn/tests/trunk/suites/0.7/makerequest/makerequestsuite.js"></script>
  <script src="http://opensocial-resources.googlecode.com/svn/tests/trunk/suites/0.8/misc/miscsuite.js"></script>
  <script src="http://opensocial-resources.googlecode.com/svn/tests/trunk/suites/0.7/navigation/navigationsuite.js"></script>
  <script src="http://opensocial-resources.googlecode.com/svn/tests/trunk/suites/0.8/people/peoplesuite.js"></script>
  <script src="http://opensocial-resources.googlecode.com/svn/tests/trunk/suites/0.8/compliance/controller.js"></script>

  <script>
    gadgets.util.registerOnLoadHandler(Master.start);
  </script>

]]>
  </Content>
</Module>